<?xml version="1.0" encoding="UTF-8"?>
<!-- Generated by org.testng.reporters.JUnitXMLReporter -->
<testsuite ignored="0" hostname="shivahome" failures="1" tests="2" name="Test" time="59.719" errors="0" timestamp="2026-01-30T16:48:03 IST">
  <testcase classname="TestCases.TC001_AccountRegistrationTest" name="verify_account_registration" time="20.475">
    <failure type="java.lang.AssertionError" message="expected [true] but found [false]">
      <![CDATA[java.lang.AssertionError: expected [true] but found [false]
at TestCases.TC001_AccountRegistrationTest.verify_account_registration(TC001_AccountRegistrationTest.java:49)
at java.base/java.util.ArrayList.forEach(ArrayList.java:1541)
... Removed 35 stack frames]]>
    </failure>
  </testcase> <!-- verify_account_registration -->
  <testcase classname="TestCases.TC002_LoginTest" name="verify_login" time="5.15"/>
</testsuite> <!-- Test -->
